2015-02-04 15:07:55,607 INFO: user devices input: 1
2015-02-04 15:08:00,000 INFO: user search input: s
2015-02-04 15:08:16,549 INFO: Found ports: COM4
2015-02-04 15:08:16,565 INFO: Found ports: COM8
2015-02-04 15:08:16,565 INFO: Found ports: COM9
2015-02-04 15:08:16,565 INFO: Found ports: COM13
2015-02-04 15:08:16,565 INFO: Found ports: COM23
2015-02-04 15:08:16,565 INFO: Found ports: COM24
2015-02-04 15:08:16,565 INFO: Found ports: COM26
2015-02-04 15:08:16,565 INFO: Found ports: COM27
2015-02-04 15:08:16,565 INFO: Found ports: COM28
2015-02-04 15:08:24,720 INFO: Created Thread: 0
2015-02-04 15:09:53,316 INFO: user devices input: 1
2015-02-04 15:09:54,782 INFO: user search input: s
2015-02-04 15:10:11,654 INFO: Found ports: COM4
2015-02-04 15:10:11,654 INFO: Found ports: COM8
2015-02-04 15:10:11,654 INFO: Found ports: COM9
2015-02-04 15:10:11,654 INFO: Found ports: COM13
2015-02-04 15:10:11,668 INFO: Found ports: COM23
2015-02-04 15:10:11,668 INFO: Found ports: COM24
2015-02-04 15:10:11,668 INFO: Found ports: COM26
2015-02-04 15:10:11,668 INFO: Found ports: COM27
2015-02-04 15:10:11,668 INFO: Found ports: COM28
2015-02-04 15:10:15,936 INFO: Created Thread: 0
2015-02-04 15:11:02,664 INFO: Closed log file
2015-02-04 15:11:02,664 INFO: Closing serial port: Serial<id=0x25b5630, open=False>(port='COM23', baudrate=115200, bytesize=8, parity='N', stopbits=1, timeout=1, xonxoff=False, rtscts=False, dsrdtr=False)
2015-02-04 15:11:05,186 INFO: user devices input: 1
2015-02-04 15:11:06,471 INFO: user search input: s
2015-02-04 15:11:23,349 INFO: Found ports: COM4
2015-02-04 15:11:23,349 INFO: Found ports: COM8
2015-02-04 15:11:23,349 INFO: Found ports: COM9
2015-02-04 15:11:23,365 INFO: Found ports: COM13
2015-02-04 15:11:23,365 INFO: Found ports: COM23
2015-02-04 15:11:23,365 INFO: Found ports: COM24
2015-02-04 15:11:23,365 INFO: Found ports: COM26
2015-02-04 15:11:23,365 INFO: Found ports: COM27
2015-02-04 15:11:23,365 INFO: Found ports: COM28
2015-02-04 15:11:27,772 INFO: Created Thread: 0
2015-02-04 15:12:50,661 INFO: Closed log file
2015-02-04 15:12:50,661 INFO: Closing serial port: Serial<id=0x24e5630, open=False>(port='COM23', baudrate=115200, bytesize=8, parity='N', stopbits=1, timeout=1, xonxoff=False, rtscts=False, dsrdtr=False)
2015-02-04 15:14:38,394 INFO: user devices input: 1
2015-02-04 15:14:39,121 INFO: user search input: s
2015-02-04 15:14:55,905 INFO: Found ports: COM4
2015-02-04 15:14:55,905 INFO: Found ports: COM13
2015-02-04 15:14:55,905 INFO: Found ports: COM24
2015-02-04 15:14:55,921 INFO: Found ports: COM26
2015-02-04 15:14:55,921 INFO: Found ports: COM27
2015-02-04 15:14:55,921 INFO: Found ports: COM28
2015-02-04 15:15:07,688 INFO: Bad input port, exiting program
2015-02-04 15:15:13,867 INFO: user devices input: 1
2015-02-04 15:15:15,071 INFO: user search input: e
2015-02-04 15:15:21,178 INFO: Found ports: COM26
2015-02-04 15:15:21,178 INFO: Found ports: COM23
2015-02-04 15:15:21,178 INFO: Found ports: COM13
2015-02-04 15:15:30,723 INFO: Created Thread: 0
2015-02-04 15:16:42,674 INFO: Closed log file
2015-02-04 15:16:42,674 INFO: Closing serial port: Serial<id=0x246f198, open=False>(port='COM23', baudrate=115200, bytesize=8, parity='N', stopbits=1, timeout=1, xonxoff=False, rtscts=False, dsrdtr=False)
2015-02-04 15:18:19,073 INFO: user devices input: 1
2015-02-04 15:18:21,257 INFO: user search input: s
2015-02-04 15:18:39,857 INFO: Found ports: COM4
2015-02-04 15:18:39,857 INFO: Found ports: COM8
2015-02-04 15:18:39,857 INFO: Found ports: COM9
2015-02-04 15:18:39,857 INFO: Found ports: COM13
2015-02-04 15:18:39,857 INFO: Found ports: COM23
2015-02-04 15:18:39,857 INFO: Found ports: COM24
2015-02-04 15:18:39,857 INFO: Found ports: COM26
2015-02-04 15:18:39,857 INFO: Found ports: COM27
2015-02-04 15:18:39,857 INFO: Found ports: COM28
2015-02-04 15:18:53,082 INFO: Created Thread: 0
2015-02-04 15:19:12,658 INFO: Closed log file
2015-02-04 15:19:12,658 INFO: Closing serial port: Serial<id=0x2495630, open=False>(port='COM23', baudrate=115200, bytesize=8, parity='N', stopbits=1, timeout=1, xonxoff=False, rtscts=False, dsrdtr=False)
2015-02-04 15:23:54,686 INFO: user devices input: 3
2015-02-04 15:23:56,671 INFO: user search input: e
2015-02-04 15:24:00,994 INFO: Found ports: COM26
2015-02-04 15:24:00,994 INFO: Found ports: COM23
2015-02-04 15:24:00,994 INFO: Found ports: COM13
2015-02-04 15:26:11,661 INFO: Bad input port, exiting program
2015-02-04 15:26:13,987 INFO: user devices input: 3
2015-02-04 15:26:16,384 INFO: user search input: e
2015-02-04 15:26:20,503 INFO: Found ports: COM26
2015-02-04 15:26:20,503 INFO: Found ports: COM23
2015-02-04 15:26:20,503 INFO: Found ports: COM13
2015-02-04 15:26:49,634 INFO: Bad input port, exiting program
2015-02-04 15:26:56,779 INFO: user devices input: 3
2015-02-04 15:26:58,834 INFO: user search input: e
2015-02-04 15:27:04,033 INFO: Found ports: COM26
2015-02-04 15:27:04,033 INFO: Found ports: COM23
2015-02-04 15:27:04,033 INFO: Found ports: COM13
2015-02-04 15:27:31,903 INFO: Bad input port, exiting program
2015-02-04 15:27:34,875 INFO: user devices input: 3
2015-02-04 15:27:36,015 INFO: user search input: e
2015-02-04 15:27:41,151 INFO: Found ports: COM26
2015-02-04 15:27:41,151 INFO: Found ports: COM23
2015-02-04 15:27:41,151 INFO: Found ports: COM13
2015-02-04 15:28:09,500 INFO: Bad input port, exiting program
2015-02-04 15:28:11,611 INFO: user devices input: 3
2015-02-04 15:28:16,762 INFO: user search input: e
2015-02-04 15:28:20,884 INFO: Found ports: COM26
2015-02-04 15:28:20,884 INFO: Found ports: COM23
2015-02-04 15:28:20,884 INFO: Found ports: COM13
2015-02-04 15:28:38,898 INFO: Bad input port, exiting program
2015-02-04 15:28:42,240 INFO: user devices input: 3
2015-02-04 15:29:22,051 INFO: user search input: 3
2015-02-04 15:29:22,051 INFO: Invalid User input for port search
2015-02-04 15:29:25,486 INFO: user devices input: 3
2015-02-04 15:29:28,111 INFO: user search input: e
2015-02-04 15:29:32,585 INFO: Using COM26 for left receiver
2015-02-04 15:29:33,022 INFO: Created Thread: 0
2015-02-04 15:29:34,316 INFO: Found ports: COM23
2015-02-04 15:29:34,316 INFO: Found ports: COM13
2015-02-04 15:29:48,960 INFO: Bad input port, exiting program
2015-02-04 15:31:06,398 INFO: user devices input: 
2015-02-04 15:31:06,398 WARNING: Bad Input
2015-02-04 15:31:09,318 INFO: user devices input: 3
2015-02-04 15:31:10,565 INFO: user search input: e
2015-02-04 15:31:17,828 INFO: Using COM26 for left receiver
2015-02-04 15:31:19,559 INFO: Created Thread: 0
2015-02-04 15:31:22,681 INFO: Found ports: COM23
2015-02-04 15:31:22,681 INFO: Found ports: COM13
2015-02-04 15:32:44,658 INFO: Bad input port, exiting program
2015-02-04 15:32:48,299 INFO: user devices input: 3
2015-02-04 15:32:49,391 INFO: user search input: e
2015-02-04 15:32:56,165 INFO: Using COM26 for left receiver
2015-02-04 15:32:58,075 INFO: Created Thread: 0
2015-02-04 15:33:03,871 INFO: Using COM13 for center receiver
2015-02-04 15:33:04,266 INFO: Created Thread: 1
2015-02-04 15:33:06,302 INFO: Using COM23 for right receiver
2015-02-04 15:33:06,707 INFO: Created Thread: 2
2015-02-04 15:34:23,936 INFO: user devices input: 3
2015-02-04 15:34:25,239 INFO: user search input: e
2015-02-04 15:34:29,635 INFO: Using COM26 for left receiver
2015-02-04 15:34:30,076 INFO: Created Thread: 0
2015-02-04 15:34:31,342 INFO: Using COM13 for center receiver
2015-02-04 15:34:31,717 INFO: Created Thread: 1
2015-02-04 15:34:32,295 INFO: Using COM23 for right receiver
2015-02-04 15:34:32,622 INFO: Created Thread: 2
2015-02-04 15:34:58,553 INFO: user devices input: 3
2015-02-04 15:35:00,930 INFO: user search input: e
2015-02-04 15:35:06,755 INFO: Using COM26 for left receiver
2015-02-04 15:35:11,367 INFO: Created Thread: 0
2015-02-04 15:35:17,068 INFO: Using COM13 for center receiver
2015-02-04 15:35:17,489 INFO: Created Thread: 1
2015-02-04 15:35:19,474 INFO: Using COM23 for right receiver
2015-02-04 15:35:19,819 INFO: Created Thread: 2
2015-02-04 15:35:47,890 INFO: user devices input: 3
2015-02-04 15:35:49,871 INFO: user search input: e
2015-02-04 15:35:54,178 INFO: Using COM26 for left receiver
2015-02-04 15:35:54,615 INFO: Created Thread: 0
2015-02-04 15:35:55,864 INFO: Using COM13 for center receiver
2015-02-04 15:35:56,272 INFO: Created Thread: 1
2015-02-04 15:35:56,821 INFO: Using COM23 for right receiver
2015-02-04 15:35:57,194 INFO: Created Thread: 2
2015-02-04 15:37:44,062 INFO: Closed log file
2015-02-04 15:37:44,062 INFO: Closing serial port: Serial<id=0x252b278, open=False>(port='COM26', baudrate=115200, bytesize=8, parity='N', stopbits=1, timeout=1, xonxoff=False, rtscts=False, dsrdtr=False)
2015-02-04 15:37:44,062 INFO: Closing serial port: Serial<id=0x2519b00, open=False>(port='COM13', baudrate=115200, bytesize=8, parity='N', stopbits=1, timeout=1, xonxoff=False, rtscts=False, dsrdtr=False)
2015-02-04 15:37:44,062 INFO: Closing serial port: Serial<id=0x2556a58, open=False>(port='COM23', baudrate=115200, bytesize=8, parity='N', stopbits=1, timeout=1, xonxoff=False, rtscts=False, dsrdtr=False)
2015-02-04 15:37:50,217 INFO: user devices input: 3
2015-02-04 15:37:51,578 INFO: user search input: e
2015-02-04 15:37:57,112 INFO: Using COM26 for left receiver
2015-02-04 15:37:59,056 INFO: Created Thread: 0
2015-02-04 15:38:02,181 INFO: Using COM13 for center receiver
2015-02-04 15:38:02,572 INFO: Created Thread: 1
2015-02-04 15:38:03,180 INFO: Using COM23 for right receiver
2015-02-04 15:38:03,571 INFO: Created Thread: 2
2015-02-04 15:39:07,394 INFO: user devices input: e
2015-02-04 15:39:07,394 WARNING: Bad Input
2015-02-04 15:39:11,621 INFO: user devices input: 3
2015-02-04 15:39:12,921 INFO: user search input: e
2015-02-04 15:39:19,000 INFO: Using COM26 for left receiver
2015-02-04 15:39:20,957 INFO: Created Thread: 0
2015-02-04 15:39:24,098 INFO: Using COM13 for center receiver
2015-02-04 15:39:24,473 INFO: Created Thread: 1
2015-02-04 15:39:25,118 INFO: Using COM23 for right receiver
2015-02-04 15:39:25,492 INFO: Created Thread: 2
2015-02-04 15:40:23,063 INFO: Closed log file
2015-02-04 15:40:23,063 INFO: Closing serial port: Serial<id=0x249b278, open=False>(port='COM26', baudrate=115200, bytesize=8, parity='N', stopbits=1, timeout=1, xonxoff=False, rtscts=False, dsrdtr=False)
2015-02-04 15:40:23,063 INFO: Closing serial port: Serial<id=0x2489b00, open=False>(port='COM13', baudrate=115200, bytesize=8, parity='N', stopbits=1, timeout=1, xonxoff=False, rtscts=False, dsrdtr=False)
2015-02-04 15:40:23,063 INFO: Closing serial port: Serial<id=0x24c6a58, open=False>(port='COM23', baudrate=115200, bytesize=8, parity='N', stopbits=1, timeout=1, xonxoff=False, rtscts=False, dsrdtr=False)
2015-02-04 15:40:27,575 INFO: user devices input: 3
2015-02-04 15:40:28,729 INFO: user search input: e
2015-02-04 15:40:34,523 INFO: Using COM26 for left receiver
2015-02-04 15:40:39,144 INFO: Created Thread: 0
2015-02-04 15:40:42,237 INFO: Using COM13 for center receiver
2015-02-04 15:40:42,658 INFO: Created Thread: 1
2015-02-04 15:40:43,335 INFO: Using COM23 for right receiver
2015-02-04 15:40:43,740 INFO: Created Thread: 2
2015-02-04 15:42:44,721 INFO: Closed log file
2015-02-04 15:42:44,721 INFO: Closing serial port: Serial<id=0x24cb278, open=False>(port='COM26', baudrate=115200, bytesize=8, parity='N', stopbits=1, timeout=1, xonxoff=False, rtscts=False, dsrdtr=False)
2015-02-04 15:42:44,721 INFO: Closing serial port: Serial<id=0x24b9b00, open=False>(port='COM13', baudrate=115200, bytesize=8, parity='N', stopbits=1, timeout=1, xonxoff=False, rtscts=False, dsrdtr=False)
2015-02-04 15:42:44,721 INFO: Closing serial port: Serial<id=0x24f6a58, open=False>(port='COM23', baudrate=115200, bytesize=8, parity='N', stopbits=1, timeout=1, xonxoff=False, rtscts=False, dsrdtr=False)
2015-02-04 15:43:12,835 INFO: user devices input: 3
2015-02-04 15:43:14,582 INFO: user search input: e
2015-02-04 15:43:23,632 INFO: Using COM26 for left receiver
2015-02-04 15:43:25,459 INFO: Created Thread: 0
2015-02-04 15:43:29,921 INFO: Using COM13 for center receiver
2015-02-04 15:43:30,298 INFO: Created Thread: 1
2015-02-04 15:43:30,898 INFO: Using COM23 for right receiver
2015-02-04 15:43:31,288 INFO: Created Thread: 2
2015-02-04 15:44:18,176 INFO: user devices input: 3
2015-02-04 15:44:19,736 INFO: user search input: e
2015-02-04 15:44:26,405 INFO: Using COM26 for left receiver
2015-02-04 15:44:28,279 INFO: Created Thread: 0
2015-02-04 15:44:29,473 INFO: Using COM13 for center receiver
2015-02-04 15:44:29,869 INFO: Created Thread: 1
2015-02-04 15:44:30,463 INFO: Using COM23 for right receiver
2015-02-04 15:44:30,753 INFO: Created Thread: 2
2015-02-04 15:44:57,045 INFO: Closed log file
2015-02-04 15:44:57,045 INFO: Closing serial port: Serial<id=0x258b278, open=False>(port='COM26', baudrate=115200, bytesize=8, parity='N', stopbits=1, timeout=1, xonxoff=False, rtscts=False, dsrdtr=False)
2015-02-04 15:44:57,045 INFO: Closing serial port: Serial<id=0x2579b00, open=False>(port='COM13', baudrate=115200, bytesize=8, parity='N', stopbits=1, timeout=1, xonxoff=False, rtscts=False, dsrdtr=False)
2015-02-04 15:44:57,045 INFO: Closing serial port: Serial<id=0x25b6a58, open=False>(port='COM23', baudrate=115200, bytesize=8, parity='N', stopbits=1, timeout=1, xonxoff=False, rtscts=False, dsrdtr=False)
2015-02-04 15:45:10,894 INFO: user devices input: 3
2015-02-04 15:45:13,624 INFO: user search input: e
2015-02-04 15:45:21,428 INFO: Using COM26 for left receiver
2015-02-04 15:45:23,226 INFO: Created Thread: 0
2015-02-04 15:45:24,489 INFO: Using COM13 for center receiver
2015-02-04 15:45:24,864 INFO: Created Thread: 1
2015-02-04 15:45:25,487 INFO: Using COM23 for right receiver
2015-02-04 15:45:25,924 INFO: Created Thread: 2
2015-02-04 15:45:38,069 INFO: Closed log file
2015-02-04 15:45:38,069 INFO: Closing serial port: Serial<id=0x252b278, open=False>(port='COM26', baudrate=115200, bytesize=8, parity='N', stopbits=1, timeout=1, xonxoff=False, rtscts=False, dsrdtr=False)
2015-02-04 15:45:38,069 INFO: Closing serial port: Serial<id=0x2519b00, open=False>(port='COM13', baudrate=115200, bytesize=8, parity='N', stopbits=1, timeout=1, xonxoff=False, rtscts=False, dsrdtr=False)
2015-02-04 15:45:38,069 INFO: Closing serial port: Serial<id=0x2556a58, open=False>(port='COM23', baudrate=115200, bytesize=8, parity='N', stopbits=1, timeout=1, xonxoff=False, rtscts=False, dsrdtr=False)
2015-02-04 16:21:08,970 INFO: user devices input: 1
2015-02-04 16:21:11,203 INFO: user search input: s
2015-02-04 16:21:44,237 INFO: Found ports: COM4
2015-02-04 16:21:44,237 INFO: Found ports: COM8
2015-02-04 16:21:44,237 INFO: Found ports: COM9
2015-02-04 16:21:44,237 INFO: Found ports: COM11
2015-02-04 16:21:44,237 INFO: Found ports: COM13
2015-02-04 16:21:44,237 INFO: Found ports: COM24
2015-02-04 16:21:44,237 INFO: Found ports: COM27
2015-02-04 16:21:44,237 INFO: Found ports: COM28
2015-02-04 16:21:53,782 INFO: Created Thread: 0
