2015-03-08 21:27:22,049 INFO: MultipathDetect Algorithm Debugging Mode
2015-03-08 21:27:22,049 INFO: Compute Distance Debugging Mode:
2015-03-08 21:27:22,049 INFO: GPS 1 and 2
2015-03-08 21:27:22,049 INFO: coord1_x:103731.113556
2015-03-08 21:27:22,049 INFO: coord2_x:103730.638628
2015-03-08 21:27:22,049 INFO: coord1_y:2279876.08633
2015-03-08 21:27:22,051 INFO: coord2_y:2279875.95107
2015-03-08 21:27:22,051 INFO: GPS 2 and 3
2015-03-08 21:27:22,051 INFO: coord1_x:103730.638628
2015-03-08 21:27:22,051 INFO: coord2_x:103730.151638
2015-03-08 21:27:22,052 INFO: coord1_y:2279875.95107
2015-03-08 21:27:22,052 INFO: coord2_y:2279875.81632
2015-03-08 21:27:22,052 INFO: GPS 1 and 3
2015-03-08 21:27:22,052 INFO: coord1_x:103731.113556
2015-03-08 21:27:22,052 INFO: coord2_x:103730.151638
2015-03-08 21:27:22,052 INFO: coord1_y:2279876.08633
2015-03-08 21:27:22,052 INFO: coord2_y:2279875.81632
2015-03-08 21:27:22,052 INFO: coord1_x:103731.113556
2015-03-08 21:27:22,052 INFO: coord2_x:103730.638628
2015-03-08 21:27:22,052 INFO: coord1_y:2279876.08633
2015-03-08 21:27:22,053 INFO: coord2_y:2279875.95107
2015-03-08 21:27:22,053 INFO: coord1_x:103730.638628
2015-03-08 21:27:22,053 INFO: coord2_x:103730.151638
2015-03-08 21:27:22,053 INFO: coord1_y:2279875.95107
2015-03-08 21:27:22,053 INFO: coord2_y:2279875.81632
2015-03-08 21:27:22,055 INFO: GPS Spacing: 0.5
2015-03-08 21:27:22,055 INFO: Horizontal Tolerance: 0.05
2015-03-08 21:27:22,055 INFO: Vertical Tolerance: 0.1
2015-03-08 21:27:22,055 INFO: Distance 1 and 2: 0.49381283474
2015-03-08 21:27:22,055 INFO: Distance 2 and 3: 0.505287654757
2015-03-08 21:27:22,055 INFO: Distance 1 and 3: 0.999093435766
2015-03-08 21:27:22,055 INFO: Dot product: 0.999971756049
2015-03-08 21:27:22,055 INFO: Dot product tolerance: 1.37011471964
